# JRE version: OpenJDK Runtime Environment Temurin-17.0.3+7 (17.0.3+7) (build 17.0.3+7)
# Java VM: OpenJDK 64-Bit Server VM Temurin-17.0.3+7 (17.0.3+7, mixed mode, tiered, compressed oops, compressed class ptrs, g1 gc, windows-amd64)
GC Precious Log:
 CPUs: 4 total, 4 available
 Memory: 8076M
 Large Page Support: Disabled
 NUMA Support: Disabled
 Compressed Oops: Enabled (32-bit)
 Heap Region Size: 1M
 Heap Min Capacity: 8M
 Heap Initial Capacity: 128M
 Heap Max Capacity: 2020M
 Pre-touch: Disabled
 Parallel Workers: 4
 Concurrent Workers: 1
 Concurrent Refinement Workers: 4
 Periodic GC: Disabled
Heap:
 garbage-first heap   total 96256K, used 36098K [0x0000000081c00000, 0x0000000100000000)
  region size 1024K, 3 young (3072K), 2 survivors (2048K)
 Metaspace       used 82365K, committed 83200K, reserved 1122304K
  class space    used 9993K, committed 10432K, reserved 1048576K
GC Heap History (20 events):
Event: 1474.025 GC heap before
{Heap before GC invocations=231 (full 10):
 garbage-first heap   total 96256K, used 79037K [0x0000000081c00000, 0x0000000100000000)
  region size 1024K, 44 young (45056K), 2 survivors (2048K)
 Metaspace       used 81856K, committed 82624K, reserved 1122304K
  class space    used 9949K, committed 10368K, reserved 1048576K
}
Event: 1474.027 GC heap after
{Heap after GC invocations=232 (full 10):
 garbage-first heap   total 96256K, used 35723K [0x0000000081c00000, 0x0000000100000000)
  region size 1024K, 2 young (2048K), 2 survivors (2048K)
 Metaspace       used 81856K, committed 82624K, reserved 1122304K
  class space    used 9949K, committed 10368K, reserved 1048576K
}
Event: 1495.869 GC heap before
{Heap before GC invocations=232 (full 10):
 garbage-first heap   total 96256K, used 78731K [0x0000000081c00000, 0x0000000100000000)
  region size 1024K, 44 young (45056K), 2 survivors (2048K)
 Metaspace       used 81858K, committed 82688K, reserved 1122304K
  class space    used 9949K, committed 10368K, reserved 1048576K
}
Event: 1495.872 GC heap after
{Heap after GC invocations=233 (full 10):
 garbage-first heap   total 96256K, used 35815K [0x0000000081c00000, 0x0000000100000000)
  region size 1024K, 2 young (2048K), 2 survivors (2048K)
 Metaspace       used 81858K, committed 82688K, reserved 1122304K
  class space    used 9949K, committed 10368K, reserved 1048576K
}
Event: 1519.406 GC heap before
{Heap before GC invocations=234 (full 10):
 garbage-first heap   total 96256K, used 78823K [0x0000000081c00000, 0x0000000100000000)
  region size 1024K, 44 young (45056K), 2 survivors (2048K)
 Metaspace       used 81862K, committed 82688K, reserved 1122304K
  class space    used 9949K, committed 10368K, reserved 1048576K
}
Event: 1519.414 GC heap after
{Heap after GC invocations=235 (full 10):
 garbage-first heap   total 96256K, used 36191K [0x0000000081c00000, 0x0000000100000000)
  region size 1024K, 2 young (2048K), 2 survivors (2048K)
 Metaspace       used 81862K, committed 82688K, reserved 1122304K
  class space    used 9949K, committed 10368K, reserved 1048576K
}
Event: 1542.557 GC heap before
{Heap before GC invocations=235 (full 10):
 garbage-first heap   total 96256K, used 79199K [0x0000000081c00000, 0x0000000100000000)
  region size 1024K, 45 young (46080K), 2 survivors (2048K)
 Metaspace       used 82106K, committed 82944K, reserved 1122304K
  class space    used 9983K, committed 10432K, reserved 1048576K
}
Event: 1542.565 GC heap after
{Heap after GC invocations=236 (full 10):
 garbage-first heap   total 96256K, used 36409K [0x0000000081c00000, 0x0000000100000000)
  region size 1024K, 2 young (2048K), 2 survivors (2048K)
 Metaspace       used 82106K, committed 82944K, reserved 1122304K
  class space    used 9983K, committed 10432K, reserved 1048576K
}
Event: 1566.355 GC heap before
{Heap before GC invocations=237 (full 10):
 garbage-first heap   total 96256K, used 79417K [0x0000000081c00000, 0x0000000100000000)
  region size 1024K, 45 young (46080K), 2 survivors (2048K)
 Metaspace       used 82142K, committed 83008K, reserved 1122304K
  class space    used 9983K, committed 10432K, reserved 1048576K
}
Event: 1566.363 GC heap after
{Heap after GC invocations=238 (full 10):
 garbage-first heap   total 96256K, used 35888K [0x0000000081c00000, 0x0000000100000000)
  region size 1024K, 2 young (2048K), 2 survivors (2048K)
 Metaspace       used 82142K, committed 83008K, reserved 1122304K
  class space    used 9983K, committed 10432K, reserved 1048576K
}
Event: 1591.222 GC heap before
{Heap before GC invocations=238 (full 10):
 garbage-first heap   total 96256K, used 79920K [0x0000000081c00000, 0x0000000100000000)
  region size 1024K, 45 young (46080K), 2 survivors (2048K)
 Metaspace       used 82142K, committed 83008K, reserved 1122304K
  class space    used 9983K, committed 10432K, reserved 1048576K
}
Event: 1591.231 GC heap after
{Heap after GC invocations=239 (full 10):
 garbage-first heap   total 96256K, used 36331K [0x0000000081c00000, 0x0000000100000000)
  region size 1024K, 2 young (2048K), 2 survivors (2048K)
 Metaspace       used 82142K, committed 83008K, reserved 1122304K
  class space    used 9983K, committed 10432K, reserved 1048576K
}
Event: 1616.054 GC heap before
{Heap before GC invocations=240 (full 10):
 garbage-first heap   total 96256K, used 80363K [0x0000000081c00000, 0x0000000100000000)
  region size 1024K, 45 young (46080K), 2 survivors (2048K)
 Metaspace       used 82166K, committed 83008K, reserved 1122304K
  class space    used 9986K, committed 10432K, reserved 1048576K
}
Event: 1616.058 GC heap after
{Heap after GC invocations=241 (full 10):
 garbage-first heap   total 96256K, used 35880K [0x0000000081c00000, 0x0000000100000000)
  region size 1024K, 2 young (2048K), 2 survivors (2048K)
 Metaspace       used 82166K, committed 83008K, reserved 1122304K
  class space    used 9986K, committed 10432K, reserved 1048576K
}
Event: 1640.707 GC heap before
{Heap before GC invocations=241 (full 10):
 garbage-first heap   total 96256K, used 80936K [0x0000000081c00000, 0x0000000100000000)
  region size 1024K, 46 young (47104K), 2 survivors (2048K)
 Metaspace       used 82197K, committed 83072K, reserved 1122304K
  class space    used 9986K, committed 10432K, reserved 1048576K
}
Event: 1640.715 GC heap after
{Heap after GC invocations=242 (full 10):
 garbage-first heap   total 96256K, used 36306K [0x0000000081c00000, 0x0000000100000000)
  region size 1024K, 2 young (2048K), 2 survivors (2048K)
 Metaspace       used 82197K, committed 83072K, reserved 1122304K
  class space    used 9986K, committed 10432K, reserved 1048576K
}
Event: 1661.215 GC heap before
{Heap before GC invocations=243 (full 10):
 garbage-first heap   total 96256K, used 81362K [0x0000000081c00000, 0x0000000100000000)
  region size 1024K, 46 young (47104K), 2 survivors (2048K)
 Metaspace       used 82335K, committed 83200K, reserved 1122304K
  class space    used 9992K, committed 10432K, reserved 1048576K
}
Event: 1661.220 GC heap after
{Heap after GC invocations=244 (full 10):
 garbage-first heap   total 96256K, used 36518K [0x0000000081c00000, 0x0000000100000000)
  region size 1024K, 2 young (2048K), 2 survivors (2048K)
 Metaspace       used 82335K, committed 83200K, reserved 1122304K
  class space    used 9992K, committed 10432K, reserved 1048576K
}
Event: 1685.546 GC heap before
{Heap before GC invocations=244 (full 10):
 garbage-first heap   total 96256K, used 81574K [0x0000000081c00000, 0x0000000100000000)
  region size 1024K, 46 young (47104K), 2 survivors (2048K)
 Metaspace       used 82365K, committed 83200K, reserved 1122304K
  class space    used 9993K, committed 10432K, reserved 1048576K
}
Event: 1685.548 GC heap after
{Heap after GC invocations=245 (full 10):
 garbage-first heap   total 96256K, used 36098K [0x0000000081c00000, 0x0000000100000000)
  region size 1024K, 2 young (2048K), 2 survivors (2048K)
 Metaspace       used 82365K, committed 83200K, reserved 1122304K
  class space    used 9993K, committed 10432K, reserved 1048576K
}

